2024-08-13T16:02:18.475+09:00  INFO 14628 --- [demo] [main] com.Application                          : Starting Application using Java 17.0.12 with PID 14628 (C:\00.KOSMO142\MainProject\pirates_server\build\classes\java\main started by kosmo in C:\00.KOSMO142\MainProject\pirates_server)
2024-08-13T16:02:18.483+09:00  INFO 14628 --- [demo] [main] com.Application                          : No active profile set, falling back to 1 default profile: "default"
2024-08-13T16:02:20.160+09:00  INFO 14628 --- [demo] [main] .s.d.r.c.RepositoryConfigurationDelegate : Multiple Spring Data modules found, entering strict repository configuration mode
2024-08-13T16:02:20.163+09:00  INFO 14628 --- [demo] [main] .s.d.r.c.RepositoryConfigurationDelegate : Bootstrapping Spring Data JPA repositories in DEFAULT mode.
2024-08-13T16:02:20.905+09:00  INFO 14628 --- [demo] [main] .s.d.r.c.RepositoryConfigurationDelegate : Finished Spring Data repository scanning in 729 ms. Found 1 JPA repository interface.
2024-08-13T16:02:20.935+09:00  INFO 14628 --- [demo] [main] .s.d.r.c.RepositoryConfigurationDelegate : Multiple Spring Data modules found, entering strict repository configuration mode
2024-08-13T16:02:20.939+09:00  INFO 14628 --- [demo] [main] .s.d.r.c.RepositoryConfigurationDelegate : Bootstrapping Spring Data Redis repositories in DEFAULT mode.
2024-08-13T16:02:21.135+09:00  INFO 14628 --- [demo] [main] .RepositoryConfigurationExtensionSupport : Spring Data Redis - Could not safely identify store assignment for repository candidate interface com.member.repository.MemberRepository; If you want this repository to be a Redis repository, consider annotating your entities with one of these annotations: org.springframework.data.redis.core.RedisHash (preferred), or consider extending one of the following types with your repository: org.springframework.data.keyvalue.repository.KeyValueRepository
2024-08-13T16:02:21.136+09:00  INFO 14628 --- [demo] [main] .s.d.r.c.RepositoryConfigurationDelegate : Finished Spring Data repository scanning in 179 ms. Found 0 Redis repository interfaces.
2024-08-13T16:02:22.010+09:00  INFO 14628 --- [demo] [main] o.s.b.w.embedded.tomcat.TomcatWebServer  : Tomcat initialized with port 8080 (http)
2024-08-13T16:02:22.024+09:00  INFO 14628 --- [demo] [main] o.apache.catalina.core.StandardService   : Starting service [Tomcat]
2024-08-13T16:02:22.025+09:00  INFO 14628 --- [demo] [main] o.apache.catalina.core.StandardEngine    : Starting Servlet engine: [Apache Tomcat/10.1.26]
2024-08-13T16:02:22.114+09:00  INFO 14628 --- [demo] [main] o.a.c.c.C.[Tomcat].[localhost].[/]       : Initializing Spring embedded WebApplicationContext
2024-08-13T16:02:22.115+09:00  INFO 14628 --- [demo] [main] w.s.c.ServletWebServerApplicationContext : Root WebApplicationContext: initialization completed in 3575 ms
2024-08-13T16:02:22.377+09:00  INFO 14628 --- [demo] [main] o.hibernate.jpa.internal.util.LogHelper  : HHH000204: Processing PersistenceUnitInfo [name: default]
2024-08-13T16:02:22.455+09:00  INFO 14628 --- [demo] [main] org.hibernate.Version                    : HHH000412: Hibernate ORM core version 6.5.2.Final
2024-08-13T16:02:22.507+09:00  INFO 14628 --- [demo] [main] o.h.c.internal.RegionFactoryInitiator    : HHH000026: Second-level cache disabled
2024-08-13T16:02:23.057+09:00  INFO 14628 --- [demo] [main] o.s.o.j.p.SpringPersistenceUnitInfo      : No LoadTimeWeaver setup: ignoring JPA class transformer
2024-08-13T16:02:23.103+09:00  INFO 14628 --- [demo] [main] com.zaxxer.hikari.HikariDataSource       : HikariPool-1 - Starting...
2024-08-13T16:02:23.296+09:00  INFO 14628 --- [demo] [main] com.zaxxer.hikari.pool.HikariPool        : HikariPool-1 - Added connection com.mysql.cj.jdbc.ConnectionImpl@7b50e70a
2024-08-13T16:02:23.298+09:00  INFO 14628 --- [demo] [main] com.zaxxer.hikari.HikariDataSource       : HikariPool-1 - Start completed.
2024-08-13T16:02:23.357+09:00  WARN 14628 --- [demo] [main] org.hibernate.orm.deprecation            : HHH90000025: MySQL8Dialect does not need to be specified explicitly using 'hibernate.dialect' (remove the property setting and it will be selected by default)
2024-08-13T16:02:23.359+09:00  WARN 14628 --- [demo] [main] org.hibernate.orm.deprecation            : HHH90000026: MySQL8Dialect has been deprecated; use org.hibernate.dialect.MySQLDialect instead
2024-08-13T16:02:24.369+09:00  INFO 14628 --- [demo] [main] o.h.e.t.j.p.i.JtaPlatformInitiator       : HHH000489: No JTA platform available (set 'hibernate.transaction.jta.platform' to enable JTA platform integration)
2024-08-13T16:02:24.420+09:00  INFO 14628 --- [demo] [main] j.LocalContainerEntityManagerFactoryBean : Initialized JPA EntityManagerFactory for persistence unit 'default'
2024-08-13T16:02:25.199+09:00  WARN 14628 --- [demo] [main] JpaBaseConfiguration$JpaWebConfiguration : spring.jpa.open-in-view is enabled by default. Therefore, database queries may be performed during view rendering. Explicitly configure spring.jpa.open-in-view to disable this warning
2024-08-13T16:02:25.235+09:00  WARN 14628 --- [demo] [main] r$InitializeUserDetailsManagerConfigurer : Found 2 UserDetailsService beans, with names [memberService, userDetailsService]. Global Authentication Manager will not use a UserDetailsService for username/password login. Consider publishing a single UserDetailsService bean.
2024-08-13T16:02:26.575+09:00  INFO 14628 --- [demo] [main] o.s.b.w.embedded.tomcat.TomcatWebServer  : Tomcat started on port 8080 (http) with context path '/'
2024-08-13T16:02:26.589+09:00  INFO 14628 --- [demo] [main] com.Application                          : Started Application in 8.556 seconds (process running for 8.971)
2024-08-13T16:02:37.595+09:00  INFO 14628 --- [demo] [http-nio-8080-exec-1] o.a.c.c.C.[Tomcat].[localhost].[/]       : Initializing Spring DispatcherServlet 'dispatcherServlet'
2024-08-13T16:02:37.596+09:00  INFO 14628 --- [demo] [http-nio-8080-exec-1] o.s.web.servlet.DispatcherServlet        : Initializing Servlet 'dispatcherServlet'
2024-08-13T16:02:37.597+09:00  INFO 14628 --- [demo] [http-nio-8080-exec-1] o.s.web.servlet.DispatcherServlet        : Completed initialization in 1 ms
2024-08-13T16:08:09.444+09:00  INFO 14628 --- [demo] [http-nio-8080-exec-8] c.m.controller.MemberRestController      : Login attempt for username: gks7654@naver.com
2024-08-13T16:08:09.650+09:00  WARN 14628 --- [demo] [http-nio-8080-exec-8] c.m.controller.MemberRestController      : Login failed for username: gks7654@naver.com
2024-08-13T16:08:35.911+09:00  INFO 14628 --- [demo] [http-nio-8080-exec-1] c.m.controller.MemberRestController      : Login attempt for username: gks7654@naver.com
2024-08-13T16:08:35.979+09:00  WARN 14628 --- [demo] [http-nio-8080-exec-1] c.m.controller.MemberRestController      : Login failed for username: gks7654@naver.com
2024-08-13T16:08:39.198+09:00  INFO 14628 --- [demo] [http-nio-8080-exec-3] c.m.controller.MemberRestController      : Login attempt for username: gks7654@naver.com
2024-08-13T16:08:39.264+09:00  WARN 14628 --- [demo] [http-nio-8080-exec-3] c.m.controller.MemberRestController      : Login failed for username: gks7654@naver.com
2024-08-13T16:09:00.984+09:00  INFO 14628 --- [demo] [http-nio-8080-exec-3] c.m.controller.MemberRestController      : Login attempt for username: gks7654@naver.com
2024-08-13T16:09:01.051+09:00  WARN 14628 --- [demo] [http-nio-8080-exec-3] c.m.controller.MemberRestController      : Login failed for username: gks7654@naver.com
2024-08-13T16:11:17.815+09:00  INFO 14628 --- [demo] [http-nio-8080-exec-3] c.m.controller.MemberRestController      : Login attempt for username: gks7654@gmail.com
2024-08-13T16:11:17.882+09:00  INFO 14628 --- [demo] [http-nio-8080-exec-3] c.m.controller.MemberRestController      : Login successful for username: gks7654@gmail.com
2024-08-13T16:33:43.583+09:00  INFO 14628 --- [demo] [SpringApplicationShutdownHook] j.LocalContainerEntityManagerFactoryBean : Closing JPA EntityManagerFactory for persistence unit 'default'
2024-08-13T16:33:43.586+09:00  INFO 14628 --- [demo] [SpringApplicationShutdownHook] com.zaxxer.hikari.HikariDataSource       : HikariPool-1 - Shutdown initiated...
2024-08-13T16:33:43.588+09:00  INFO 14628 --- [demo] [SpringApplicationShutdownHook] com.zaxxer.hikari.HikariDataSource       : HikariPool-1 - Shutdown completed.
2024-08-13T17:14:09.999+09:00  INFO 6440 --- [demo] [main] com.Application                          : Starting Application using Java 17.0.12 with PID 6440 (C:\00.KOSMO142\MainProject\pirates_server\build\classes\java\main started by kosmo in C:\00.KOSMO142\MainProject\pirates_server)
2024-08-13T17:14:10.003+09:00  INFO 6440 --- [demo] [main] com.Application                          : No active profile set, falling back to 1 default profile: "default"
2024-08-13T17:14:11.199+09:00  INFO 6440 --- [demo] [main] .s.d.r.c.RepositoryConfigurationDelegate : Multiple Spring Data modules found, entering strict repository configuration mode
2024-08-13T17:14:11.201+09:00  INFO 6440 --- [demo] [main] .s.d.r.c.RepositoryConfigurationDelegate : Bootstrapping Spring Data JPA repositories in DEFAULT mode.
2024-08-13T17:14:11.768+09:00  INFO 6440 --- [demo] [main] .s.d.r.c.RepositoryConfigurationDelegate : Finished Spring Data repository scanning in 558 ms. Found 1 JPA repository interface.
2024-08-13T17:14:11.787+09:00  INFO 6440 --- [demo] [main] .s.d.r.c.RepositoryConfigurationDelegate : Multiple Spring Data modules found, entering strict repository configuration mode
2024-08-13T17:14:11.789+09:00  INFO 6440 --- [demo] [main] .s.d.r.c.RepositoryConfigurationDelegate : Bootstrapping Spring Data Redis repositories in DEFAULT mode.
2024-08-13T17:14:11.923+09:00  INFO 6440 --- [demo] [main] .RepositoryConfigurationExtensionSupport : Spring Data Redis - Could not safely identify store assignment for repository candidate interface com.member.repository.MemberRepository; If you want this repository to be a Redis repository, consider annotating your entities with one of these annotations: org.springframework.data.redis.core.RedisHash (preferred), or consider extending one of the following types with your repository: org.springframework.data.keyvalue.repository.KeyValueRepository
2024-08-13T17:14:11.924+09:00  INFO 6440 --- [demo] [main] .s.d.r.c.RepositoryConfigurationDelegate : Finished Spring Data repository scanning in 126 ms. Found 0 Redis repository interfaces.
2024-08-13T17:14:12.509+09:00  INFO 6440 --- [demo] [main] o.s.b.w.embedded.tomcat.TomcatWebServer  : Tomcat initialized with port 8080 (http)
2024-08-13T17:14:12.519+09:00  INFO 6440 --- [demo] [main] o.apache.catalina.core.StandardService   : Starting service [Tomcat]
2024-08-13T17:14:12.519+09:00  INFO 6440 --- [demo] [main] o.apache.catalina.core.StandardEngine    : Starting Servlet engine: [Apache Tomcat/10.1.26]
2024-08-13T17:14:12.586+09:00  INFO 6440 --- [demo] [main] o.a.c.c.C.[Tomcat].[localhost].[/]       : Initializing Spring embedded WebApplicationContext
2024-08-13T17:14:12.587+09:00  INFO 6440 --- [demo] [main] w.s.c.ServletWebServerApplicationContext : Root WebApplicationContext: initialization completed in 2537 ms
2024-08-13T17:14:12.774+09:00  INFO 6440 --- [demo] [main] o.hibernate.jpa.internal.util.LogHelper  : HHH000204: Processing PersistenceUnitInfo [name: default]
2024-08-13T17:14:12.834+09:00  INFO 6440 --- [demo] [main] org.hibernate.Version                    : HHH000412: Hibernate ORM core version 6.5.2.Final
2024-08-13T17:14:12.866+09:00  INFO 6440 --- [demo] [main] o.h.c.internal.RegionFactoryInitiator    : HHH000026: Second-level cache disabled
2024-08-13T17:14:13.175+09:00  INFO 6440 --- [demo] [main] o.s.o.j.p.SpringPersistenceUnitInfo      : No LoadTimeWeaver setup: ignoring JPA class transformer
2024-08-13T17:14:13.201+09:00  INFO 6440 --- [demo] [main] com.zaxxer.hikari.HikariDataSource       : HikariPool-1 - Starting...
2024-08-13T17:14:13.343+09:00  INFO 6440 --- [demo] [main] com.zaxxer.hikari.pool.HikariPool        : HikariPool-1 - Added connection com.mysql.cj.jdbc.ConnectionImpl@451393a9
2024-08-13T17:14:13.345+09:00  INFO 6440 --- [demo] [main] com.zaxxer.hikari.HikariDataSource       : HikariPool-1 - Start completed.
2024-08-13T17:14:13.386+09:00  WARN 6440 --- [demo] [main] org.hibernate.orm.deprecation            : HHH90000025: MySQL8Dialect does not need to be specified explicitly using 'hibernate.dialect' (remove the property setting and it will be selected by default)
2024-08-13T17:14:13.387+09:00  WARN 6440 --- [demo] [main] org.hibernate.orm.deprecation            : HHH90000026: MySQL8Dialect has been deprecated; use org.hibernate.dialect.MySQLDialect instead
2024-08-13T17:14:14.045+09:00  INFO 6440 --- [demo] [main] o.h.e.t.j.p.i.JtaPlatformInitiator       : HHH000489: No JTA platform available (set 'hibernate.transaction.jta.platform' to enable JTA platform integration)
2024-08-13T17:14:14.081+09:00  INFO 6440 --- [demo] [main] j.LocalContainerEntityManagerFactoryBean : Initialized JPA EntityManagerFactory for persistence unit 'default'
2024-08-13T17:14:14.438+09:00  WARN 6440 --- [demo] [main] JpaBaseConfiguration$JpaWebConfiguration : spring.jpa.open-in-view is enabled by default. Therefore, database queries may be performed during view rendering. Explicitly configure spring.jpa.open-in-view to disable this warning
2024-08-13T17:14:14.459+09:00  WARN 6440 --- [demo] [main] r$InitializeUserDetailsManagerConfigurer : Found 2 UserDetailsService beans, with names [memberService, userDetailsService]. Global Authentication Manager will not use a UserDetailsService for username/password login. Consider publishing a single UserDetailsService bean.
2024-08-13T17:14:14.731+09:00  WARN 6440 --- [demo] [main] ConfigServletWebServerApplicationContext : Exception encountered during context initialization - cancelling refresh attempt: org.springframework.beans.factory.UnsatisfiedDependencyException: Error creating bean with name 'org.springframework.security.config.annotation.web.configuration.WebSecurityConfiguration': Unsatisfied dependency expressed through method 'setFilterChains' parameter 0: Error creating bean with name 'securityFilterChain' defined in class path resource [com/common/config/SecurityConfig.class]: Failed to instantiate [org.springframework.security.web.SecurityFilterChain]: Factory method 'securityFilterChain' threw exception with message: No qualifying bean of type 'org.springframework.security.oauth2.client.registration.ClientRegistrationRepository' available
2024-08-13T17:14:14.732+09:00  INFO 6440 --- [demo] [main] j.LocalContainerEntityManagerFactoryBean : Closing JPA EntityManagerFactory for persistence unit 'default'
2024-08-13T17:14:14.734+09:00  INFO 6440 --- [demo] [main] com.zaxxer.hikari.HikariDataSource       : HikariPool-1 - Shutdown initiated...
2024-08-13T17:14:14.740+09:00  INFO 6440 --- [demo] [main] com.zaxxer.hikari.HikariDataSource       : HikariPool-1 - Shutdown completed.
2024-08-13T17:14:14.742+09:00  INFO 6440 --- [demo] [main] o.apache.catalina.core.StandardService   : Stopping service [Tomcat]
2024-08-13T17:14:14.759+09:00  INFO 6440 --- [demo] [main] .s.b.a.l.ConditionEvaluationReportLogger : 

Error starting ApplicationContext. To display the condition evaluation report re-run your application with 'debug' enabled.
2024-08-13T17:14:14.781+09:00 ERROR 6440 --- [demo] [main] o.s.b.d.LoggingFailureAnalysisReporter   : 

***************************
APPLICATION FAILED TO START
***************************

Description:

Parameter 0 of method setFilterChains in org.springframework.security.config.annotation.web.configuration.WebSecurityConfiguration required a bean of type 'org.springframework.security.oauth2.client.registration.ClientRegistrationRepository' that could not be found.


Action:

Consider defining a bean of type 'org.springframework.security.oauth2.client.registration.ClientRegistrationRepository' in your configuration.

